<?xml version="1.0" encoding="utf-8"?><testsuites name="pytest tests"><testsuite name="pytest" errors="0" failures="0" skipped="0" tests="5" time="2.326" timestamp="2026-04-22T15:19:53.255655+00:00" hostname="agent-env-71836cf5-d49f-4ed6-bde2-2fb538b8d585"><testcase classname="backend.tests.test_api" name="test_root" time="0.262" /><testcase classname="backend.tests.test_api" name="test_insulin_crud" time="0.658" /><testcase classname="backend.tests.test_api" name="test_food_upsert" time="0.432" /><testcase classname="backend.tests.test_api" name="test_water_crud" time="0.703" /><testcase classname="backend.tests.test_api" name="test_stats" time="0.110" /></testsuite></testsuites>