<?xml version="1.0" encoding="utf-8"?><testsuites name="pytest tests"><testsuite name="pytest" errors="0" failures="0" skipped="0" tests="19" time="5.380" timestamp="2026-04-22T16:19:57.233418+00:00" hostname="agent-env-71836cf5-d49f-4ed6-bde2-2fb538b8d585"><testcase classname="backend.tests.test_rcare_new.TestAdmin" name="test_verify_correct_password" time="0.177" /><testcase classname="backend.tests.test_rcare_new.TestAdmin" name="test_verify_wrong_password" time="0.157" /><testcase classname="backend.tests.test_rcare_new.TestAdmin" name="test_change_password_and_restore" time="1.168" /><testcase classname="backend.tests.test_rcare_new.TestSettings" name="test_get_settings_has_fields" time="0.117" /><testcase classname="backend.tests.test_rcare_new.TestSettings" name="test_update_and_persist_settings" time="0.470" /><testcase classname="backend.tests.test_rcare_new.TestSettings" name="test_invalid_water_goal" time="0.108" /><testcase classname="backend.tests.test_rcare_new.TestSettings" name="test_invalid_empty_name" time="0.104" /><testcase classname="backend.tests.test_rcare_new.TestInconsistencies" name="test_inconsistencies_shape" time="0.118" /><testcase classname="backend.tests.test_rcare_new.TestReports" name="test_report_week" time="0.116" /><testcase classname="backend.tests.test_rcare_new.TestReports" name="test_report_month" time="0.111" /><testcase classname="backend.tests.test_rcare_new.TestReports" name="test_report_all" time="0.117" /><testcase classname="backend.tests.test_rcare_new.TestReports" name="test_report_custom" time="0.171" /><testcase classname="backend.tests.test_rcare_new.TestAssistant" name="test_assistant_weekly" time="0.128" /><testcase classname="backend.tests.test_rcare_new.TestReportsInsights" name="test_high_glucose_flagged" time="0.342" /><testcase classname="backend.tests.test_api" name="test_root" time="0.109" /><testcase classname="backend.tests.test_api" name="test_insulin_crud" time="0.503" /><testcase classname="backend.tests.test_api" name="test_food_upsert" time="0.373" /><testcase classname="backend.tests.test_api" name="test_water_crud" time="0.565" /><testcase classname="backend.tests.test_api" name="test_stats" time="0.107" /></testsuite></testsuites>